<?xml version="1.0" encoding="UTF-8" ?>
<testsuite errors="0" failures="0" hostname="Padyman" name="tests.JugadorTest" tests="2" time="0.003" timestamp="2014-01-30T19:00:35">
  <properties>
    <property name="java.vendor" value="Oracle Corporation" />
    <property name="coverage.summaryxml.dir" value="C:\Users\Maciel\git\TP2FINAL\JuegoGpsChallenge\build\reports\cobertura-summary-xml" />
    <property name="libs" value="C:\Users\Maciel\git\TP2FINAL\JuegoGpsChallenge\libs" />
    <property name="sun.java.launcher" value="SUN_STANDARD" />
    <property name="eclipse.pdebuild.templates" value="/C:/Users/Maciel/Documents/Algo3/eclipse/plugins/org.eclipse.pde.build_3.8.100.v20130514-1028/templates/" />
    <property name="sun.management.compiler" value="HotSpot Client Compiler" />
    <property name="os.name" value="Windows 8" />
    <property name="sun.boot.class.path" value="C:\Program Files (x86)\Java\jre7\lib\resources.jar;C:\Program Files (x86)\Java\jre7\lib\rt.jar;C:\Program Files (x86)\Java\jre7\lib\sunrsasign.jar;C:\Program Files (x86)\Java\jre7\lib\jsse.jar;C:\Program Files (x86)\Java\jre7\lib\jce.jar;C:\Program Files (x86)\Java\jre7\lib\charsets.jar;C:\Program Files (x86)\Java\jre7\lib\jfr.jar;C:\Program Files (x86)\Java\jre7\classes" />
    <property name="reports.html.dir" value="C:\Users\Maciel\git\TP2FINAL\JuegoGpsChallenge\build\reports\junit-html" />
    <property name="sun.desktop" value="windows" />
    <property name="ant.file.type.tp-final-algo3" value="file" />
    <property name="java.vm.specification.vendor" value="Oracle Corporation" />
    <property name="net.sourceforge.cobertura.datafile" value="C:\Users\Maciel\git\TP2FINAL\JuegoGpsChallenge\build\cobertura.ser" />
    <property name="ant.home" value="C:\Users\Maciel\Documents\Algo3\eclipse\plugins\org.apache.ant_1.8.4.v201303080030" />
    <property name="java.runtime.version" value="1.7.0_45-b18" />
    <property name="cobertura.dir" value="C:\Users\Maciel\git\TP2FINAL\JuegoGpsChallenge\libs" />
    <property name="user.name" value="Maciel" />
    <property name="user.language" value="es" />
    <property name="build" value="C:\Users\Maciel\git\TP2FINAL\JuegoGpsChallenge\build" />
    <property name="sun.boot.library.path" value="C:\Program Files (x86)\Java\jre7\bin" />
    <property name="reports.dir" value="C:\Users\Maciel\git\TP2FINAL\JuegoGpsChallenge\build\reports" />
    <property name="ant.project.default-target" value="test" />
    <property name="ant.project.name" value="tp-final-algo3" />
    <property name="java.version" value="1.7.0_45" />
    <property name="coverage.html.dir" value="C:\Users\Maciel\git\TP2FINAL\JuegoGpsChallenge\build\reports\cobertura-html" />
    <property name="user.timezone" value="" />
    <property name="sun.arch.data.model" value="32" />
    <property name="java.endorsed.dirs" value="C:\Program Files (x86)\Java\jre7\lib\endorsed" />
    <property name="sun.cpu.isalist" value="pentium_pro+mmx pentium_pro pentium+mmx pentium i486 i386 i86" />
    <property name="sun.jnu.encoding" value="Cp1252" />
    <property name="file.encoding.pkg" value="sun.io" />
    <property name="file.separator" value="\" />
    <property name="java.specification.name" value="Java Platform API Specification" />
    <property name="classes.dir" value="C:\Users\Maciel\git\TP2FINAL\JuegoGpsChallenge\build" />
    <property name="java.class.version" value="51.0" />
    <property name="user.country" value="AR" />
    <property name="java.home" value="C:\Program Files (x86)\Java\jre7" />
    <property name="java.vm.info" value="mixed mode, sharing" />
    <property name="ant.file" value="C:\Users\Maciel\git\TP2FINAL\JuegoGpsChallenge\build.xml" />
    <property name="os.version" value="6.2" />
    <property name="path.separator" value=";" />
    <property name="java.vm.version" value="24.45-b08" />
    <property name="user.variant" value="" />
    <property name="ant.library.dir" value="C:\Users\Maciel\Documents\Algo3\eclipse\plugins\org.apache.ant_1.8.4.v201303080030\lib" />
    <property name="java.awt.printerjob" value="sun.awt.windows.WPrinterJob" />
    <property name="sun.io.unicode.encoding" value="UnicodeLittle" />
    <property name="awt.toolkit" value="sun.awt.windows.WToolkit" />
    <property name="user.script" value="" />
    <property name="eclipse.pdebuild.scripts" value="/C:/Users/Maciel/Documents/Algo3/eclipse/plugins/org.eclipse.pde.build_3.8.100.v20130514-1028/scripts/" />
    <property name="reports.xml.dir" value="C:\Users\Maciel\git\TP2FINAL\JuegoGpsChallenge\build\reports\junit-xml" />
    <property name="user.home" value="C:\Users\Maciel" />
    <property name="java.specification.vendor" value="Oracle Corporation" />
    <property name="coverage.xml.dir" value="C:\Users\Maciel\git\TP2FINAL\JuegoGpsChallenge\build\reports\cobertura-xml" />
    <property name="java.library.path" value="C:\Program Files (x86)\Java\jre7\bin;C:\Windows\Sun\Java\bin;C:\Windows\system32;C:\Windows;C:/Program Files (x86)/Java/jre7/bin/client;C:/Program Files (x86)/Java/jre7/bin;C:/Program Files (x86)/Java/jre7/lib/i386;C:\Program Files (x86)\Intel\iCLS Client\;C:\Program Files\Intel\iCLS Client\;C:\Windows\system32;C:\Windows;C:\Windows\System32\Wbem;C:\Windows\System32\WindowsPowerShell\v1.0\;C:\Program Files\Intel\Intel(R) Management Engine Components\DAL;C:\Program Files\Intel\Intel(R) Management Engine Components\IPT;C:\Program Files (x86)\Intel\Intel(R) Management Engine Components\DAL;C:\Program Files (x86)\Intel\Intel(R) Management Engine Components\IPT;C:\Program Files (x86)\Intel\OpenCL SDK\2.0\bin\x86;C:\Program Files (x86)\Intel\OpenCL SDK\2.0\bin\x64;C:\Program Files (x86)\Java\jdk1.7.0_40\bin;C:\Program Files (x86)\Java\apache-ant-1.9.2\bin;;C:\Users\Maciel\Documents\Algo3\eclipse;;." />
    <property name="java.vendor.url" value="http://java.oracle.com/" />
    <property name="java.vm.vendor" value="Oracle Corporation" />
    <property name="java.runtime.name" value="Java(TM) SE Runtime Environment" />
    <property name="sun.java.command" value="org.apache.tools.ant.taskdefs.optional.junit.JUnitTestRunner testsfile=C:\Users\Maciel\git\TP2FINAL\JuegoGpsChallenge\junittestcases7511217735316305711.properties filtertrace=true haltOnError=false haltOnFailure=false showoutput=false outputtoformatters=true logfailedtests=true logtestlistenerevents=false formatter=org.apache.tools.ant.taskdefs.optional.junit.XMLJUnitResultFormatter,C:\Users\Maciel\git\TP2FINAL\JuegoGpsChallenge\build\reports\junit-xml\IGNORETHIS.xml crashfile=C:\Users\Maciel\git\TP2FINAL\JuegoGpsChallenge\junitvmwatcher728821026952763248.properties propsfile=C:\Users\Maciel\git\TP2FINAL\JuegoGpsChallenge\junit3180790867532555980.properties" />
    <property name="java.class.path" value="C:\Users\Maciel\git\TP2FINAL\JuegoGpsChallenge\build\instrumented;C:\Users\Maciel\git\TP2FINAL\JuegoGpsChallenge\build;C:\Users\Maciel\git\TP2FINAL\JuegoGpsChallenge\libs\asm-3.0.jar;C:\Users\Maciel\git\TP2FINAL\JuegoGpsChallenge\libs\asm-tree-3.0.jar;C:\Users\Maciel\git\TP2FINAL\JuegoGpsChallenge\libs\checkstyle-5.5-all.jar;C:\Users\Maciel\git\TP2FINAL\JuegoGpsChallenge\libs\cobertura.jar;C:\Users\Maciel\git\TP2FINAL\JuegoGpsChallenge\libs\jakarta-oro-2.0.8.jar;C:\Users\Maciel\git\TP2FINAL\JuegoGpsChallenge\libs\junit-4.10.jar;C:\Users\Maciel\git\TP2FINAL\JuegoGpsChallenge\libs\log4j-1.2.9.jar;C:\Users\Maciel\git\TP2FINAL\JuegoGpsChallenge\libs\mockito-all-1.9.0.jar;C:\Users\Maciel\git\TP2FINAL\JuegoGpsChallenge\build\tests;C:\Users\Maciel\git\Algo3Tp2\src;C:\Users\Maciel\Documents\Algo3\eclipse\plugins\org.apache.ant_1.8.4.v201303080030\lib\ant-launcher.jar;C:\Users\Maciel\Documents\Algo3\eclipse\plugins\org.apache.ant_1.8.4.v201303080030\lib\ant.jar;C:\Users\Maciel\Documents\Algo3\eclipse\plugins\org.apache.ant_1.8.4.v201303080030\lib\ant-junit.jar;C:\Users\Maciel\Documents\Algo3\eclipse\plugins\org.apache.ant_1.8.4.v201303080030\lib\ant-junit4.jar" />
    <property name="ant.version" value="Apache Ant(TM) version 1.8.4 compiled on May 22 2012" />
    <property name="java.vm.specification.name" value="Java Virtual Machine Specification" />
    <property name="java.vm.specification.version" value="1.7" />
    <property name="sun.cpu.endian" value="little" />
    <property name="sun.os.patch.level" value="" />
    <property name="eclipse.pdebuild.home" value="/C:/Users/Maciel/Documents/Algo3/eclipse/plugins/org.eclipse.pde.build_3.8.100.v20130514-1028/./" />
    <property name="java.io.tmpdir" value="C:\Users\Maciel\AppData\Local\Temp\" />
    <property name="java.vendor.url.bug" value="http://bugreport.sun.com/bugreport/" />
    <property name="os.arch" value="x86" />
    <property name="java.awt.graphicsenv" value="sun.awt.Win32GraphicsEnvironment" />
    <property name="instrumented.dir" value="C:\Users\Maciel\git\TP2FINAL\JuegoGpsChallenge\build\instrumented" />
    <property name="java.ext.dirs" value="C:\Program Files (x86)\Java\jre7\lib\ext;C:\Windows\Sun\Java\lib\ext" />
    <property name="user.dir" value="C:\Users\Maciel\git\TP2FINAL\JuegoGpsChallenge" />
    <property name="line.separator" value="&#xd;&#xa;" />
    <property name="java.vm.name" value="Java HotSpot(TM) Client VM" />
    <property name="basedir" value="C:\Users\Maciel\git\TP2FINAL\JuegoGpsChallenge" />
    <property name="ant.java.version" value="1.7" />
    <property name="ant.core.lib" value="C:\Users\Maciel\Documents\Algo3\eclipse\plugins\org.apache.ant_1.8.4.v201303080030\lib\ant.jar" />
    <property name="file.encoding" value="Cp1252" />
    <property name="ant.file.tp-final-algo3" value="C:\Users\Maciel\git\TP2FINAL\JuegoGpsChallenge\build.xml" />
    <property name="java.specification.version" value="1.7" />
    <property name="src.dir" value="C:\Users\Maciel\git\TP2FINAL\JuegoGpsChallenge\src" />
    <property name="ant.project.invoked-targets" value="test" />
  </properties>
  <testcase classname="tests.JugadorTest" name="testCrear" time="0.001" />
  <testcase classname="tests.JugadorTest" name="testCambiarNombreJugador" time="0.0" />
  <system-out><![CDATA[]]></system-out>
  <system-err><![CDATA[]]></system-err>
</testsuite>
